D:\GITP\WORDCOUNT\DEBUG\WORDCOUNT.EXE
D:\GITP\WORDCOUNT\DEBUG\WORDCOUNT.ILK
D:\GITP\WORDCOUNT\DEBUG\WORDCOUNT.PDB
D:\GITP\WordCount\WordCount\Debug\cl.command.1.tlog
D:\GITP\WordCount\WordCount\Debug\CL.read.1.tlog
D:\GITP\WordCount\WordCount\Debug\CL.write.1.tlog
D:\GITP\WordCount\WordCount\Debug\link.10320.read.1.tlog
D:\GITP\WordCount\WordCount\Debug\link.10320.write.1.tlog
D:\GITP\WordCount\WordCount\Debug\link.10320-cvtres.read.1.tlog
D:\GITP\WordCount\WordCount\Debug\link.10320-cvtres.write.1.tlog
D:\GITP\WordCount\WordCount\Debug\link.command.1.tlog
D:\GITP\WordCount\WordCount\Debug\link.read.1.tlog
D:\GITP\WordCount\WordCount\Debug\link.write.1.tlog
D:\GITP\WordCount\WordCount\Debug\link-cvtres.read.1.tlog
D:\GITP\WordCount\WordCount\Debug\link-cvtres.write.1.tlog
D:\GITP\WordCount\WordCount\Debug\mt.command.1.tlog
D:\GITP\WordCount\WordCount\Debug\mt.read.1.tlog
D:\GITP\WordCount\WordCount\Debug\mt.write.1.tlog
D:\GITP\WordCount\WordCount\Debug\rc.command.1.tlog
D:\GITP\WordCount\WordCount\Debug\rc.read.1.tlog
D:\GITP\WordCount\WordCount\Debug\rc.write.1.tlog
D:\GITP\WORDCOUNT\WORDCOUNT\DEBUG\STDAFX.OBJ
D:\GITP\WordCount\WordCount\Debug\vc100.idb
D:\GITP\WORDCOUNT\WORDCOUNT\DEBUG\VC100.PDB
D:\GITP\WORDCOUNT\WORDCOUNT\DEBUG\WORDCOUNT.EXE.EMBED.MANIFEST
D:\GITP\WORDCOUNT\WORDCOUNT\DEBUG\WORDCOUNT.EXE.EMBED.MANIFEST.RES
D:\GITP\WORDCOUNT\WORDCOUNT\DEBUG\WORDCOUNT.EXE.INTERMEDIATE.MANIFEST
D:\GITP\WORDCOUNT\WORDCOUNT\DEBUG\WORDCOUNT.OBJ
D:\GITP\WORDCOUNT\WORDCOUNT\DEBUG\WORDCOUNT.PCH
D:\GITP\WordCount\WordCount\Debug\WordCount.vcxprojResolveAssemblyReference.cache
D:\GITP\WordCount\WordCount\Debug\WordCount.write.1.tlog
D:\GITP\WordCount\WordCount\Debug\WordCount_manifest.rc
